<?xml version="1.0" encoding="UTF-8"?>
<!-- Generated by org.testng.reporters.JUnitReportReporter -->
<testsuite skipped="0" hostname="DESKTOP-PUIO19L" name="base.SearchField" tests="1" failures="0" timestamp="2021-10-12T21:37:38 EET" time="3.281" errors="0">
  <testcase name="searchByWords" time="3.281" classname="base.SearchField"/>
</testsuite> <!-- base.SearchField -->
