<?xml version="1.0" encoding="UTF-8"?>
<!-- Generated by org.testng.reporters.JUnitReportReporter -->
<testsuite skipped="0" hostname="DESKTOP-PUIO19L" name="tests.AutoCompleteSearchTest" tests="1" failures="0" timestamp="2021-10-13T16:40:03 EET" time="5.658" errors="0">
  <testcase name="selectFromSuggestionList" time="5.658" classname="tests.AutoCompleteSearchTest"/>
</testsuite> <!-- tests.AutoCompleteSearchTest -->
