<?xml version="1.0" encoding="UTF-8"?>
<!-- Generated by org.testng.reporters.JUnitReportReporter -->
<testsuite skipped="0" hostname="DESKTOP-PUIO19L" name="base.SearchFieldTest" tests="1" failures="0" timestamp="2021-10-12T23:51:17 EET" time="2.740" errors="0">
  <testcase name="searchByWords" time="2.740" classname="base.SearchFieldTest"/>
</testsuite> <!-- base.SearchFieldTest -->
