<?xml version="1.0" encoding="UTF-8"?>
<!-- Generated by org.testng.reporters.JUnitReportReporter -->
<testsuite skipped="0" hostname="DESKTOP-PUIO19L" name="tests.FeelingLuckyearchTest" tests="1" failures="0" timestamp="2021-10-13T00:44:21 EET" time="0.094" errors="0">
  <testcase name="feelingLucky" time="0.094" classname="tests.FeelingLuckyearchTest"/>
</testsuite> <!-- tests.FeelingLuckyearchTest -->
