<?xml version="1.0" encoding="UTF-8"?>
<!-- Generated by org.testng.reporters.JUnitReportReporter -->
<testsuite skipped="0" hostname="DESKTOP-PUIO19L" name="base.AutoCompleteSearchTest" tests="1" failures="0" timestamp="2021-10-12T23:39:52 EET" time="0.161" errors="0">
  <testcase name="selectFromSuggestionList" time="0.161" classname="base.AutoCompleteSearchTest"/>
</testsuite> <!-- base.AutoCompleteSearchTest -->
