<?xml version="1.0" encoding="UTF-8"?>
<!-- Generated by org.testng.reporters.JUnitReportReporter -->
<testsuite skipped="0" hostname="DESKTOP-PUIO19L" name="tests.SearchByKeyboardTest" tests="1" failures="0" timestamp="2021-10-13T16:40:04 EET" time="3.630" errors="0">
  <testcase name="searchByWords" time="3.630" classname="tests.SearchByKeyboardTest"/>
</testsuite> <!-- tests.SearchByKeyboardTest -->
